C51 COMPILER V9.54   1                                                                     03/27/2022 16:58:03 PAGE 1   


C51 COMPILER V9.54, COMPILATION OF MODULE 1
OBJECT MODULE PLACED IN 1.OBJ
COMPILER INVOKED BY: H:\keil51\C51\BIN\C51.EXE 1.c OPTIMIZE(8,SPEED) BROWSE DEBUG OBJECTEXTEND TABS(2)

line level    source

   1          #include<reg52.h>
   2          #include<intrins.h>
   3          #define LED P2;
   4          void delay(unsigned int xms);
   5          
   6          void delay(unsigned int i)
   7          {
   8   1        while(i--);
   9   1      }
  10          
  11          void main()
  12          {
  13   1       
  14   1      unsigned char i;
  15   1       
  16   1      
  17   1       delay(50000);
  18   1      
  19   1       while(1)
  20   1       {
  21   2        for(i=0;i<7;i++)
  22   2        {
  23   3          
  24   3          P2 =~(0x03<<i);
  25   3          delay(50000);
  26   3        }
  27   2      
  28   2      }
  29   1      }


MODULE INFORMATION:   STATIC OVERLAYABLE
   CODE SIZE        =     47    ----
   CONSTANT SIZE    =   ----    ----
   XDATA SIZE       =   ----    ----
   PDATA SIZE       =   ----    ----
   DATA SIZE        =   ----    ----
   IDATA SIZE       =   ----    ----
   BIT SIZE         =   ----    ----
END OF MODULE INFORMATION.


C51 COMPILATION COMPLETE.  0 WARNING(S),  0 ERROR(S)
